<?xml version="1.0" encoding="UTF-8"?>
<!-- Generated by org.testng.reporters.JUnitReportReporter -->
<testsuite name="com.learnautomation.testcases.LoginTestCases" tests="2" time="1.415" ignored="0" failures="0" timestamp="26 Jan 2021 04:04:56 GMT" skipped="0" hostname="M3104876" errors="0">
  <testcase name="LoginTestFunction" time="1.304" classname="com.learnautomation.testcases.LoginTestCases"/>
  <testcase name="testLoggerFunctionality" time="0.111" classname="com.learnautomation.testcases.LoginTestCases"/>
</testsuite> <!-- com.learnautomation.testcases.LoginTestCases -->
